C51 COMPILER V9.54   CAR                                                                   12/16/2023 11:36:24 PAGE 1   


C51 COMPILER V9.54, COMPILATION OF MODULE CAR
OBJECT MODULE PLACED IN .\Objects\car.obj
COMPILER INVOKED BY: D:\Keil5\C51\BIN\C51.EXE car.c OPTIMIZE(8,SPEED) BROWSE DEBUG OBJECTEXTEND PRINT(.\Listings\car.lst
                    -) OBJECT(.\Objects\car.obj)

line level    source

   1          #include <STC89C5xRC.H>
   2          #include "motor.h"
   3          
   4          sbit EN1A = P0^7;//左前
   5          sbit EN1B = P0^2;//右前
   6          sbit EN2A = P3^7;//左后
   7          sbit EN2B = P3^2;//右后
   8          
   9          unsigned char counter,compare;
  10          
  11          
  12          //定时器 中断
  13          
  14          void Timer0_Init()//100ms 11.0592MHz
  15          {
  16   1              TMOD &= 0xF0;//定时器模式
  17   1              TMOD |= 0x01;
  18   1              TL0 = 0xA4;//初始值
  19   1              TH0 = 0xFF;
  20   1              TF0 = 0;//清除TF0标志
  21   1              TR0 = 1;//定时器0开始计时
  22   1              ET0 = 1;//定时器0中断允许开关
  23   1              EA = 1;//定时器总开关
  24   1              PT0 = 0;//定时器0中断优先级     
  25   1      }
  26          void Timer0_Routine() interrupt 1
  27          {
  28   1              TL0 = 0xA4;
  29   1              TH0 = 0xFF;
  30   1              counter++;
  31   1              if(counter>=100)
  32   1              {
  33   2                      counter = 0;
  34   2              }
  35   1              if(counter < compare)
  36   1              {
  37   2                      EN1A = 1;
  38   2                      EN1B = 1;
  39   2                      EN2A = 1;
  40   2                      EN2B = 1;
  41   2              }
  42   1              else
  43   1              {
  44   2                      EN1A = 0;
  45   2                      EN1B = 0;
  46   2                      EN2A = 0;
  47   2                      EN2B = 0;
  48   2              }
  49   1              
  50   1      }
  51          
  52          void car_go()//向前直行
  53          {       
  54   1              compare = 55;
C51 COMPILER V9.54   CAR                                                                   12/16/2023 11:36:24 PAGE 2   

  55   1              LF_motor_go();
  56   1              RF_motor_go();
  57   1              LR_motor_go();
  58   1              RR_motor_go();
  59   1      }
  60          
  61          
  62          void car_back()//向后直行
  63          {
  64   1              compare=40;
  65   1              LF_motor_back();
  66   1              RF_motor_back();
  67   1              LR_motor_back();
  68   1              RR_motor_back();
  69   1      }
  70          
  71          void car_stop()//停
  72          {
  73   1              compare = 0;
  74   1              LF_motor_stop();
  75   1              RF_motor_stop();
  76   1              LR_motor_stop();
  77   1              RR_motor_stop();
  78   1      }
  79          
  80          void car_leftgo()//向左拐
  81          {
  82   1              compare=40;
  83   1              LF_motor_stop();
  84   1              RF_motor_go();
  85   1              LR_motor_stop();
  86   1              RR_motor_go();
  87   1      }
  88          
  89          void car_rightgo()//向右拐
  90          {
  91   1              compare=40;
  92   1              LF_motor_go();
  93   1              RF_motor_stop();
  94   1              LR_motor_go();
  95   1              RR_motor_stop();
  96   1      }
  97          
  98          void car_leftback()//向左后拐
  99          {
 100   1              compare=35;
 101   1              LF_motor_stop();
 102   1              RF_motor_back();
 103   1              LR_motor_stop();
 104   1              RR_motor_back();
 105   1      }
 106          
 107          void car_rightback()//向右后拐
 108          {
 109   1              compare=20;
 110   1              LF_motor_back();
 111   1              RF_motor_stop();
 112   1              LR_motor_back();
 113   1              RR_motor_stop();
 114   1      }
 115          
 116          void car_leftstop()//原地左转
C51 COMPILER V9.54   CAR                                                                   12/16/2023 11:36:24 PAGE 3   

 117          {
 118   1              compare=60;
 119   1              LF_motor_back();
 120   1              RF_motor_go();
 121   1              LR_motor_back();
 122   1              RR_motor_go();
 123   1      }
 124          
 125          void car_rightstop()//原地右转
 126          {
 127   1              compare=60;
 128   1              LF_motor_go();
 129   1              RF_motor_back();
 130   1              LR_motor_go();
 131   1              RR_motor_back();
 132   1      }
 133          
 134          


MODULE INFORMATION:   STATIC OVERLAYABLE
   CODE SIZE        =    210    ----
   CONSTANT SIZE    =   ----    ----
   XDATA SIZE       =   ----    ----
   PDATA SIZE       =   ----    ----
   DATA SIZE        =      2    ----
   IDATA SIZE       =   ----    ----
   BIT SIZE         =   ----    ----
END OF MODULE INFORMATION.


C51 COMPILATION COMPLETE.  0 WARNING(S),  0 ERROR(S)
