C51 COMPILER V9.54   MAIN                                                                  12/16/2023 11:36:23 PAGE 1   


C51 COMPILER V9.54, COMPILATION OF MODULE MAIN
OBJECT MODULE PLACED IN .\Objects\main.obj
COMPILER INVOKED BY: D:\Keil5\C51\BIN\C51.EXE main.c OPTIMIZE(8,SPEED) BROWSE DEBUG OBJECTEXTEND PRINT(.\Listings\main.l
                    -st) OBJECT(.\Objects\main.obj)

line level    source

   1          #include "car.h"
   2          #include "xunji.h"
   3          
   4          extern int flag;
   5          
   6          int main()
   7          {
   8   1              
   9   1              Timer0_Init();
  10   1              while(1)
  11   1              {       
  12   2                      xunji();
  13   2                      if(flag==1)
  14   2                      {
  15   3                              return 0;
  16   3                      }
  17   2              }
  18   1              
  19   1              
  20   1              
  21   1      }


MODULE INFORMATION:   STATIC OVERLAYABLE
   CODE SIZE        =     17    ----
   CONSTANT SIZE    =   ----    ----
   XDATA SIZE       =   ----    ----
   PDATA SIZE       =   ----    ----
   DATA SIZE        =   ----    ----
   IDATA SIZE       =   ----    ----
   BIT SIZE         =   ----    ----
END OF MODULE INFORMATION.


C51 COMPILATION COMPLETE.  0 WARNING(S),  0 ERROR(S)
