C51 COMPILER V9.54   MOTOR                                                                 12/16/2023 11:36:24 PAGE 1   


C51 COMPILER V9.54, COMPILATION OF MODULE MOTOR
OBJECT MODULE PLACED IN .\Objects\motor.obj
COMPILER INVOKED BY: D:\Keil5\C51\BIN\C51.EXE motor.c OPTIMIZE(8,SPEED) BROWSE DEBUG OBJECTEXTEND PRINT(.\Listings\motor
                    -.lst) OBJECT(.\Objects\motor.obj)

line level    source

   1          #include <STC89C5xRC.H>
   2          
   3          
   4          
   5          sbit IN11 = P0^5;//左前轮
   6          sbit IN12 = P0^6;
   7                    
   8          sbit IN13 = P0^3;//右前轮
   9          sbit IN14 = P0^4;
  10                  
  11          sbit IN21 = P3^5;//左后轮
  12          sbit IN22 = P3^6;
  13                  
  14          sbit IN23 = P3^3;//右后轮
  15          sbit IN24 = P3^4;
  16          
  17          //左前轮
  18          void LF_motor_go() //左前正转
  19          {
  20   1              IN13 = 0;
  21   1              IN14 = 1;
  22   1      }
  23          void LF_motor_back() //左前反转
  24          {
  25   1              IN13 = 1;
  26   1              IN14 = 0;
  27   1      }
  28          void LF_motor_stop() //左前停止
  29          {
  30   1              IN13 = 0;
  31   1              IN14 = 0;
  32   1      }
  33          //右前轮
  34          void RF_motor_go() //右前正转
  35          {
  36   1              IN11 = 0;
  37   1              IN12 = 1;
  38   1      }
  39          void RF_motor_back() //右前反转
  40          {
  41   1              IN11 = 1;
  42   1              IN12 = 0;
  43   1      }
  44          void RF_motor_stop() //右前停止
  45          {
  46   1              IN11 = 0;
  47   1              IN12 = 0;
  48   1      }
  49          //左后轮
  50          void LR_motor_go() //左后正转
  51          {
  52   1              IN21 = 1;
  53   1              IN22 = 0;
  54   1      }
C51 COMPILER V9.54   MOTOR                                                                 12/16/2023 11:36:24 PAGE 2   

  55          void LR_motor_back() //左后反转
  56          {
  57   1              IN21 = 0;
  58   1              IN22 = 1;
  59   1      }
  60          void LR_motor_stop() //左后停止
  61          {
  62   1              IN21 = 0;
  63   1              IN22 = 0;
  64   1      }
  65          //右后轮
  66          void RR_motor_go() //右后正转
  67          {
  68   1              IN23 = 1;
  69   1              IN24 = 0;
  70   1      }
  71          void RR_motor_back() //右后反转
  72          {
  73   1              IN23 = 0;
  74   1              IN24 = 1;
  75   1      }
  76          void RR_motor_stop() //右后停止
  77          {
  78   1              IN23 = 0;
  79   1              IN24 = 0;
  80   1      }


MODULE INFORMATION:   STATIC OVERLAYABLE
   CODE SIZE        =     60    ----
   CONSTANT SIZE    =   ----    ----
   XDATA SIZE       =   ----    ----
   PDATA SIZE       =   ----    ----
   DATA SIZE        =   ----    ----
   IDATA SIZE       =   ----    ----
   BIT SIZE         =   ----    ----
END OF MODULE INFORMATION.


C51 COMPILATION COMPLETE.  0 WARNING(S),  0 ERROR(S)
