C51 COMPILER V9.54   XUNJI                                                                 12/16/2023 11:36:24 PAGE 1   


C51 COMPILER V9.54, COMPILATION OF MODULE XUNJI
OBJECT MODULE PLACED IN .\Objects\xunji.obj
COMPILER INVOKED BY: D:\Keil5\C51\BIN\C51.EXE xunji.c OPTIMIZE(8,SPEED) BROWSE DEBUG OBJECTEXTEND PRINT(.\Listings\xunji
                    -.lst) OBJECT(.\Objects\xunji.obj)

line level    source

   1          #include <STC89C5xRC.H>
   2          #include "car.h"
   3          #include <intrins.h>
   4          
   5          sbit D1 = P1^0;//外右侧
   6          sbit D2 = P1^1;//中间右侧
   7          sbit D3 = P1^2;//中间左侧
   8          sbit D4 = P1^3;//外左侧
   9          
  10          int flag=0;
  11          unsigned char count = 0;//圈数
  12          int ms =0;
  13          
  14          //void Time1_Init()//100ms
  15          //{
  16          //    TMOD|=0X10;//选择为定时器0模式，工作方式1
  17          //      TL1 = 0xA4;//初始值
  18          //      TH1 = 0xFF;
  19          //      TF1 = 0;//清除TF1标志
  20          //      TR1 = 1;//定时器1开始计时
  21          //      ET1 = 1;//定时器1中断允许开关
  22          //      EA = 1;//定时器总开关
  23          //      
  24          //}
  25          
  26          //void Time1_Routine() interrupt 3 //定时器1中断函数
  27          //{
  28          //      TL1 = 0xA4;
  29          //      TH1 = 0xFF;
  30          //      ms++;
  31          //      if(ms>=10)//1m
  32          //      {
  33          //              car_stop();
  34          //              flag=1;
  35          //      }
  36          //}
  37          void Delay50ms()
  38          {
  39   1              unsigned char data i, j;
  40   1      
  41   1              _nop_();
  42   1              _nop_();
  43   1              _nop_();
  44   1              i = 11;
  45   1              j = 190;
  46   1              do
  47   1              {
  48   2                      while (--j);
  49   2              } while (--i);
  50   1      }
  51          
  52          void xunji()
  53          {       
  54   1              if(D1==1 && D2==0 && D3==1 && D4==1)//右转
C51 COMPILER V9.54   XUNJI                                                                 12/16/2023 11:36:24 PAGE 2   

  55   1              {
  56   2                      car_rightgo();
  57   2                      
  58   2              }
  59   1              if(D1==1 && D2==1 && D3==0 && D4==1)//左转
  60   1              {
  61   2                      car_leftgo();
  62   2                      
  63   2      
  64   2              }
  65   1              if(D1==0 && D2==1 && D3==1 &&D4==1)//右大转
  66   1              {
  67   2                      car_rightstop();
  68   2                      
  69   2      
  70   2              }
  71   1              if(D1==1 && D2==1 && D3==1 && D4==0)//左大转
  72   1              {
  73   2                      car_leftstop();
  74   2                      
  75   2              }
  76   1      //      if(D1==1&&D2==1&&D3==1&&D4==1)
  77   1      //      {
  78   1      //              car_go();
  79   1      //      }
  80   1              if((D1==0 && D2==1 && D3==0 && D4==1)||(D1==0 && D2==1 && D3==1 && D4==0)||(D1==1&&D2==0&&D3==1&&D4==0))
  81   1              {
  82   2                      count++;
  83   2      //              if(count>=8)
  84   2      //              {
  85   2      //                      Timer1_Init();
  86   2      //              }
  87   2      //              else
  88   2      //              {
  89   2      //                      car_go();
  90   2      //              }
  91   2              }
  92   1              if(D1==0 && D2==1 && D3==1 && D4==0)
  93   1              {
  94   2                      if(count%2==1)
  95   2                      {
  96   3                              car_go();
  97   3                      }
  98   2                      else
  99   2                      {
 100   3                              car_rightback();
 101   3                      }
 102   2              }
 103   1              
 104   1      }


MODULE INFORMATION:   STATIC OVERLAYABLE
   CODE SIZE        =    134    ----
   CONSTANT SIZE    =   ----    ----
   XDATA SIZE       =   ----    ----
   PDATA SIZE       =   ----    ----
   DATA SIZE        =      5    ----
   IDATA SIZE       =   ----    ----
   BIT SIZE         =   ----    ----
END OF MODULE INFORMATION.


C51 COMPILATION COMPLETE.  0 WARNING(S),  0 ERROR(S)
